[0m16:48:11.502402 [debug] [MainThread]: Sending event: {'category': 'dbt', 'action': 'invocation', 'label': 'start', 'context': [<snowplow_tracker.self_describing_json.SelfDescribingJson object at 0x0000022A8DC3DA90>, <snowplow_tracker.self_describing_json.SelfDescribingJson object at 0x0000022A8FEBCC10>, <snowplow_tracker.self_describing_json.SelfDescribingJson object at 0x0000022A8FEBCE20>]}


============================== 16:48:11.541281 | 19339678-00c1-482e-a68f-8d551f0959b7 ==============================
[0m16:48:11.541281 [info ] [MainThread]: Running with dbt=1.10.11
[0m16:48:11.547261 [debug] [MainThread]: running dbt with arguments {'use_experimental_parser': 'False', 'no_print': 'None', 'warn_error': 'None', 'profiles_dir': 'C:\\Users\\shubh\\.dbt', 'log_path': 'logs', 'invocation_command': 'dbt init', 'log_format': 'default', 'write_json': 'True', 'indirect_selection': 'eager', 'cache_selected_only': 'False', 'target_path': 'None', 'empty': 'None', 'printer_width': '80', 'use_colors': 'True', 'introspect': 'True', 'fail_fast': 'False', 'log_cache_events': 'False', 'send_anonymous_usage_stats': 'True', 'partial_parse': 'True', 'static_parser': 'True', 'debug': 'False', 'version_check': 'True', 'quiet': 'False', 'warn_error_options': 'WarnErrorOptionsV2(error=[], warn=[], silence=[])'}
[0m16:48:21.894782 [debug] [MainThread]: Starter project path: C:\DBT_PROJECT\.venv\lib\site-packages\dbt\include\starter_project
[0m16:48:22.074696 [info ] [MainThread]: 
Your new dbt project "dbt_project_1" was created!

For more information on how to configure the profiles.yml file,
please consult the dbt documentation here:

  https://docs.getdbt.com/docs/configure-your-profile

One more thing:

Need help? Don't hesitate to reach out to us via GitHub issues or on Slack:

  https://community.getdbt.com/

Happy modeling!

[0m16:48:22.087655 [info ] [MainThread]: Setting up your profile.
[0m16:48:42.029897 [debug] [MainThread]: Spark adapter: Setting pyhive.hive logging to ERROR
[0m16:48:42.032899 [debug] [MainThread]: Spark adapter: Setting thrift.transport logging to ERROR
[0m16:48:42.035889 [debug] [MainThread]: Spark adapter: Setting thrift.protocol logging to ERROR
[0m16:52:15.940746 [info ] [MainThread]: Profile dbt_project_1 written to C:\Users\shubh\.dbt\profiles.yml using target's profile_template.yml and your supplied values. Run 'dbt debug' to validate the connection.
[0m16:52:15.953219 [debug] [MainThread]: Command `dbt init` succeeded at 16:52:15.952167 after 247.04 seconds
[0m16:52:15.957140 [debug] [MainThread]: Sending event: {'category': 'dbt', 'action': 'invocation', 'label': 'end', 'context': [<snowplow_tracker.self_describing_json.SelfDescribingJson object at 0x0000022A8DC3DA90>, <snowplow_tracker.self_describing_json.SelfDescribingJson object at 0x0000022A8FEBCF10>, <snowplow_tracker.self_describing_json.SelfDescribingJson object at 0x0000022A912CC040>]}
[0m16:52:15.961136 [debug] [MainThread]: Flushing usage events
[0m16:52:17.452810 [debug] [MainThread]: An error was encountered while trying to flush usage events
[0m16:52:39.849057 [debug] [MainThread]: Sending event: {'category': 'dbt', 'action': 'invocation', 'label': 'start', 'context': [<snowplow_tracker.self_describing_json.SelfDescribingJson object at 0x000001B085FD9B50>, <snowplow_tracker.self_describing_json.SelfDescribingJson object at 0x000001B0873E4AF0>, <snowplow_tracker.self_describing_json.SelfDescribingJson object at 0x000001B08826B2E0>]}


============================== 16:52:39.875956 | 60dfe57e-abb1-41ce-b314-e600c0b49a60 ==============================
[0m16:52:39.875956 [info ] [MainThread]: Running with dbt=1.10.11
[0m16:52:39.881700 [debug] [MainThread]: running dbt with arguments {'warn_error': 'None', 'no_print': 'None', 'empty': 'None', 'partial_parse': 'True', 'invocation_command': 'dbt debug', 'log_path': 'logs', 'log_format': 'default', 'write_json': 'True', 'indirect_selection': 'eager', 'cache_selected_only': 'False', 'target_path': 'None', 'profiles_dir': 'C:\\Users\\shubh\\.dbt', 'printer_width': '80', 'use_colors': 'True', 'introspect': 'True', 'fail_fast': 'False', 'log_cache_events': 'False', 'send_anonymous_usage_stats': 'True', 'use_experimental_parser': 'False', 'static_parser': 'True', 'debug': 'False', 'version_check': 'True', 'quiet': 'False', 'warn_error_options': 'WarnErrorOptionsV2(error=[], warn=[], silence=[])'}
[0m16:52:40.066720 [info ] [MainThread]: dbt version: 1.10.11
[0m16:52:40.072703 [info ] [MainThread]: python version: 3.9.5
[0m16:52:40.077686 [info ] [MainThread]: python path: C:\DBT_PROJECT\.venv\Scripts\python.exe
[0m16:52:40.082667 [info ] [MainThread]: os info: Windows-10-10.0.19045-SP0
[0m16:52:45.787698 [debug] [MainThread]: Spark adapter: Setting pyhive.hive logging to ERROR
[0m16:52:45.790708 [debug] [MainThread]: Spark adapter: Setting thrift.transport logging to ERROR
[0m16:52:45.793698 [debug] [MainThread]: Spark adapter: Setting thrift.protocol logging to ERROR
[0m16:52:51.764371 [info ] [MainThread]: Using profiles dir at C:\Users\shubh\.dbt
[0m16:52:51.770354 [info ] [MainThread]: Using profiles.yml file at C:\Users\shubh\.dbt\profiles.yml
[0m16:52:51.776326 [info ] [MainThread]: Using dbt_project.yml file at C:\DBT_PROJECT\dbt_project.yml
[0m16:52:51.782314 [info ] [MainThread]: adapter type: databricks
[0m16:52:51.788284 [info ] [MainThread]: adapter version: 1.10.9
[0m16:52:51.795365 [info ] [MainThread]: Configuration:
[0m16:52:51.801335 [info ] [MainThread]:   profiles.yml file [[32mOK found and valid[0m]
[0m16:52:51.808744 [info ] [MainThread]:   dbt_project.yml file [[31mERROR not found[0m]
[0m16:52:51.815712 [info ] [MainThread]: Required dependencies:
[0m16:52:51.823327 [debug] [MainThread]: Executing "git --help"
[0m16:52:52.137305 [debug] [MainThread]: STDOUT: "b"usage: git [-v | --version] [-h | --help] [-C <path>] [-c <name>=<value>]\n           [--exec-path[=<path>]] [--html-path] [--man-path] [--info-path]\n           [-p | --paginate | -P | --no-pager] [--no-replace-objects] [--no-lazy-fetch]\n           [--no-optional-locks] [--no-advice] [--bare] [--git-dir=<path>]\n           [--work-tree=<path>] [--namespace=<name>] [--config-env=<name>=<envvar>]\n           <command> [<args>]\n\nThese are common Git commands used in various situations:\n\nstart a working area (see also: git help tutorial)\n   clone      Clone a repository into a new directory\n   init       Create an empty Git repository or reinitialize an existing one\n\nwork on the current change (see also: git help everyday)\n   add        Add file contents to the index\n   mv         Move or rename a file, a directory, or a symlink\n   restore    Restore working tree files\n   rm         Remove files from the working tree and from the index\n\nexamine the history and state (see also: git help revisions)\n   bisect     Use binary search to find the commit that introduced a bug\n   diff       Show changes between commits, commit and working tree, etc\n   grep       Print lines matching a pattern\n   log        Show commit logs\n   show       Show various types of objects\n   status     Show the working tree status\n\ngrow, mark and tweak your common history\n   backfill   Download missing objects in a partial clone\n   branch     List, create, or delete branches\n   commit     Record changes to the repository\n   merge      Join two or more development histories together\n   rebase     Reapply commits on top of another base tip\n   reset      Reset current HEAD to the specified state\n   switch     Switch branches\n   tag        Create, list, delete or verify a tag object signed with GPG\n\ncollaborate (see also: git help workflows)\n   fetch      Download objects and refs from another repository\n   pull       Fetch from and integrate with another repository or a local branch\n   push       Update remote refs along with associated objects\n\n'git help -a' and 'git help -g' list available subcommands and some\nconcept guides. See 'git help <command>' or 'git help <concept>'\nto read about a specific subcommand or concept.\nSee 'git help git' for an overview of the system.\n""
[0m16:52:52.140296 [debug] [MainThread]: STDERR: "b''"
[0m16:52:52.144287 [info ] [MainThread]:  - git [[32mOK found[0m]

[0m16:52:52.149273 [info ] [MainThread]: Connection:
[0m16:52:52.153250 [info ] [MainThread]:   host: dbc-e04c9007-3165.cloud.databricks.com
[0m16:52:52.159239 [info ] [MainThread]:   http_path: /sql/1.0/warehouses/af6f146d98994df5
[0m16:52:52.164222 [info ] [MainThread]:   catalog: dbt-project-dev
[0m16:52:52.170194 [info ] [MainThread]:   schema: default
[0m16:52:52.177177 [info ] [MainThread]: Registered adapter: databricks=1.10.9
[0m16:52:55.022504 [debug] [MainThread]: Databricks adapter: DatabricksDBTConnection(session-id=None, name=debug) - Creating connection
[0m16:52:55.026486 [debug] [MainThread]: Acquiring new databricks connection 'debug'
[0m16:52:55.029477 [debug] [MainThread]: Using databricks connection "debug"
[0m16:52:55.032467 [debug] [MainThread]: On debug: select 1 as id
[0m16:52:55.034460 [debug] [MainThread]: Opening a new connection, currently in state init
[0m16:52:56.820269 [debug] [MainThread]: Databricks adapter: Connection(session-id=01f08bdd-0166-19e1-8192-545fbaf15609) - Created
[0m16:53:10.188762 [debug] [MainThread]: SQL status: OK in 15.150 seconds
[0m16:53:10.196732 [debug] [MainThread]: Databricks adapter: Cursor(session-id=01f08bdd-0166-19e1-8192-545fbaf15609, command-id=01f08bdd-01b2-1210-a80f-ba73f568baa3) - Closing
[0m16:53:10.661684 [debug] [MainThread]: On debug: Close
[0m16:53:10.664669 [debug] [MainThread]: Databricks adapter: Connection(session-id=01f08bdd-0166-19e1-8192-545fbaf15609) - Closing
[0m16:53:11.120449 [info ] [MainThread]:   Connection test: [[32mOK connection ok[0m]

[0m16:53:11.126696 [info ] [MainThread]: [31m1 check failed:[0m
[0m16:53:11.130937 [info ] [MainThread]: Project loading failed for the following reason:
 project path <C:\DBT_PROJECT\dbt_project.yml> not found

[0m16:53:11.140889 [debug] [MainThread]: Command `dbt debug` failed at 16:53:11.139892 after 33.80 seconds
[0m16:53:11.143879 [debug] [MainThread]: Sending event: {'category': 'dbt', 'action': 'invocation', 'label': 'end', 'context': [<snowplow_tracker.self_describing_json.SelfDescribingJson object at 0x000001B085FD9B50>, <snowplow_tracker.self_describing_json.SelfDescribingJson object at 0x000001B09A261220>, <snowplow_tracker.self_describing_json.SelfDescribingJson object at 0x000001B09A261AC0>]}
[0m16:53:11.147138 [debug] [MainThread]: Flushing usage events
[0m16:53:12.525767 [debug] [MainThread]: An error was encountered while trying to flush usage events
